<?xml version="1.0" encoding="UTF-8"?>
<!-- Generated by org.testng.reporters.JUnitReportReporter -->
<testsuite hostname="LAPTOP-34OBG346" failures="0" tests="3" name="com.CRM.TestCases.HomePageTestCase" time="0.380" errors="0" timestamp="2024-05-11T23:20:55 IST" skipped="0">
  <testcase classname="com.CRM.TestCases.HomePageTestCase" name="validateURL" time="0.020"/>
  <system-out/>
  <testcase classname="com.CRM.TestCases.HomePageTestCase" name="validateTitle" time="0.014"/>
  <system-out/>
  <testcase classname="com.CRM.TestCases.HomePageTestCase" name="validateSignIn" time="0.346"/>
  <system-out/>
</testsuite> <!-- com.CRM.TestCases.HomePageTestCase -->
