<?xml version="1.0" encoding="UTF-8"?>
<!-- Generated by org.testng.reporters.JUnitReportReporter -->
<testsuite hostname="LAPTOP-34OBG346" failures="0" tests="3" name="com.CRM.TestCases.HomePageTestCase" time="0.130" errors="0" timestamp="2024-05-06T10:40:45 IST" skipped="0">
  <testcase classname="com.CRM.TestCases.HomePageTestCase" name="validateURL" time="0.016"/>
  <system-out/>
  <testcase classname="com.CRM.TestCases.HomePageTestCase" name="validateTitle" time="0.012"/>
  <system-out/>
  <testcase classname="com.CRM.TestCases.HomePageTestCase" name="validateSignIn" time="0.102"/>
  <system-out/>
</testsuite> <!-- com.CRM.TestCases.HomePageTestCase -->
