<?xml version="1.0" encoding="UTF-8"?>
<!-- Generated by org.testng.reporters.JUnitReportReporter -->
<testsuite hostname="LAPTOP-34OBG346" failures="0" tests="3" name="seleniumGridUsingDocker.ParallelTesting" time="52.106" errors="0" timestamp="2024-05-14T22:24:32 IST" skipped="0">
  <testcase classname="seleniumGridUsingDocker.ParallelTesting" name="testGrid" time="15.339"/>
  <system-out/>
  <testcase classname="seleniumGridUsingDocker.ParallelTesting" name="testGrid" time="20.088"/>
  <system-out/>
  <testcase classname="seleniumGridUsingDocker.ParallelTesting" name="testGrid" time="16.679"/>
  <system-out/>
</testsuite> <!-- seleniumGridUsingDocker.ParallelTesting -->
