<?xml version="1.0" encoding="UTF-8"?>
<!-- Generated by org.testng.reporters.JUnitReportReporter -->
<testsuite hostname="LAPTOP-34OBG346" failures="0" tests="1" name="seleniumGridUsingDocker.ChromeTest" time="102.416" errors="0" timestamp="2024-05-14T21:46:57 IST" skipped="0">
  <testcase classname="seleniumGridUsingDocker.ChromeTest" name="testGridSetup" time="102.416"/>
  <system-out/>
</testsuite> <!-- seleniumGridUsingDocker.ChromeTest -->
