<?xml version="1.0" encoding="UTF-8"?>
<!-- Generated by org.testng.reporters.JUnitReportReporter -->
<testsuite hostname="LAPTOP-34OBG346" failures="0" tests="3" name="com.CRM.TestCases.HomePageTestCase" time="0.126" errors="0" timestamp="2024-05-11T22:57:27 IST" skipped="0">
  <testcase classname="com.CRM.TestCases.HomePageTestCase" name="validateURL" time="0.013"/>
  <system-out/>
  <testcase classname="com.CRM.TestCases.HomePageTestCase" name="validateTitle" time="0.008"/>
  <system-out/>
  <testcase classname="com.CRM.TestCases.HomePageTestCase" name="validateSignIn" time="0.105"/>
  <system-out/>
</testsuite> <!-- com.CRM.TestCases.HomePageTestCase -->
